<?xml version="1.0" encoding="UTF-8"?>
<robot generator="Robot 7.2.2 (Python 3.13.3 on win32)" generated="2025-05-12T21:04:17.417064" rpa="false" schemaversion="5">
<suite id="s1" name="Site" source="c:\Users\lucas\Desktop\TesteRobot\site.robot">
<test id="s1-t1" name="Cenário 2: Testando Robot" line="48">
<kw name="Abrir Site">
<kw name="Open Browser" owner="SeleniumLibrary">
<msg time="2025-05-12T21:04:17.586435" level="INFO">Opening browser 'chrome' to base url 'https://automationpratice.com.br/'.</msg>
<arg>${SITE_URL}</arg>
<arg>chrome</arg>
<doc>Opens a new browser instance to the optional ``url``.</doc>
<status status="PASS" start="2025-05-12T21:04:17.586168" elapsed="1.947340"/>
</kw>
<status status="PASS" start="2025-05-12T21:04:17.585486" elapsed="1.948302"/>
</kw>
<kw name="Aguardar site Carregar">
<kw name="Sleep" owner="BuiltIn">
<msg time="2025-05-12T21:04:24.535009" level="INFO">Slept 5 seconds.</msg>
<arg>5s</arg>
<doc>Pauses the test executed for the given time.</doc>
<status status="PASS" start="2025-05-12T21:04:19.534535" elapsed="5.000838"/>
</kw>
<status status="PASS" start="2025-05-12T21:04:19.534214" elapsed="5.001315"/>
</kw>
<kw name="Clicar Botão Login">
<kw name="Click Element" owner="SeleniumLibrary">
<msg time="2025-05-12T21:04:24.536973" level="INFO">Clicking element '//a[@href="/login"]'.</msg>
<msg time="2025-05-12T21:04:24.573839" level="WARN">Keyword 'Capture Page Screenshot' could not be run on failure: Message: invalid session id
Stacktrace:
	GetHandleVerifier [0x00007FF67B1ACF25+75717]
	GetHandleVerifier [0x00007FF67B1ACF80+75808]
	(No symbol) [0x00007FF67AF78DCC]
	(No symbol) [0x00007FF67AFBF54F]
	(No symbol) [0x00007FF67AFF7242]
	(No symbol) [0x00007FF67AFF1C63]
	(No symbol) [0x00007FF67AFF0D29]
	(No symbol) [0x00007FF67AF45A55]
	GetHandleVerifier [0x00007FF67B4AD6FD+3223453]
	GetHandleVerifier [0x00007FF67B4A7CA2+3200322]
	GetHandleVerifier [0x00007FF67B4C5AD3+3322739]
	GetHandleVerifier [0x00007FF67B1C69FA+180890]
	GetHandleVerifier [0x00007FF67B1CE0FF+211359]
	(No symbol) [0x00007FF67AF44AC8]
	GetHandleVerifier [0x00007FF67B596FA8+4180040]
	BaseThreadInitThunk [0x00007FFBA3E77374+20]
	RtlUserThreadStart [0x00007FFBA403CC91+33]
</msg>
<msg time="2025-05-12T21:04:24.575266" level="FAIL">InvalidSessionIdException: Message: invalid session id: session deleted as the browser has closed the connection
from disconnected: not connected to DevTools
  (Session info: chrome=136.0.7103.93)
Stacktrace:
	GetHandleVerifier [0x00007FF67B1ACF25+75717]
	GetHandleVerifier [0x00007FF67B1ACF80+75808]
	(No symbol) [0x00007FF67AF78F9A]
	(No symbol) [0x00007FF67AF64E35]
	(No symbol) [0x00007FF67AF89DB4]
	(No symbol) [0x00007FF67AFFEE75]
	(No symbol) [0x00007FF67B01ECC2]
	(No symbol) [0x00007FF67AFF7153]
	(No symbol) [0x00007FF67AFC0421]
	(No symbol) [0x00007FF67AFC11B3]
	GetHandleVerifier [0x00007FF67B4AD6FD+3223453]
	GetHandleVerifier [0x00007FF67B4A7CA2+3200322]
	GetHandleVerifier [0x00007FF67B4C5AD3+3322739]
	GetHandleVerifier [0x00007FF67B1C69FA+180890]
	GetHandleVerifier [0x00007FF67B1CE0FF+211359]
	GetHandleVerifier [0x00007FF67B1B5274+109332]
	GetHandleVerifier [0x00007FF67B1B5422+109762]
	GetHandleVerifier [0x00007FF67B19BA39+4825]
	BaseThreadInitThunk [0x00007FFBA3E77374+20]
	RtlUserThreadStart [0x00007FFBA403CC91+33]
</msg>
<arg>//a[@href="/login"]</arg>
<doc>Click the element identified by ``locator``.</doc>
<status status="FAIL" start="2025-05-12T21:04:24.536597" elapsed="0.073805">InvalidSessionIdException: Message: invalid session id: session deleted as the browser has closed the connection
from disconnected: not connected to DevTools
  (Session info: chrome=136.0.7103.93)
Stacktrace:
	GetHandleVerifier [0x00007FF67B1ACF25+75717]
	GetHandleVerifier [0x00007FF67B1ACF80+75808]
	(No symbol) [0x00007FF67AF78F9A]
	(No symbol) [0x00007FF67AF64E35]
	(No symbol) [0x00007FF67AF89DB4]
	(No symbol) [0x00007FF67AFFEE75]
	(No symbol) [0x00007FF67B01ECC2]
	(No symbol) [0x00007FF67AFF7153]
	(No symbol) [0x00007FF67AFC0421]
	(No symbol) [0x00007FF67AFC11B3]
	GetHandleVerifier [0x00007FF67B4AD6FD+3223453]
	GetHandleVerifier [0x00007FF67B4A7CA2+3200322]
	GetHandleVerifier [0x00007FF67B4C5AD3+3322739]
	GetHandleVerifier [0x00007FF67B1C69FA+180890]
	GetHandleVerifier [0x00007FF67B1CE0FF+211359]
	GetHandleVerifier [0x00007FF67B1B5274+109332]
	GetHandleVerifier [0x00007FF67B1B5422+109762]
	GetHandleVerifier [0x00007FF67B19BA39+4825]
	BaseThreadInitThunk [0x00007FFBA3E77374+20]
	RtlUserThreadStart [0x00007FFBA403CC91+33]
</status>
</kw>
<status status="FAIL" start="2025-05-12T21:04:24.536241" elapsed="0.074463">InvalidSessionIdException: Message: invalid session id: session deleted as the browser has closed the connection
from disconnected: not connected to DevTools
  (Session info: chrome=136.0.7103.93)
Stacktrace:
	GetHandleVerifier [0x00007FF67B1ACF25+75717]
	GetHandleVerifier [0x00007FF67B1ACF80+75808]
	(No symbol) [0x00007FF67AF78F9A]
	(No symbol) [0x00007FF67AF64E35]
	(No symbol) [0x00007FF67AF89DB4]
	(No symbol) [0x00007FF67AFFEE75]
	(No symbol) [0x00007FF67B01ECC2]
	(No symbol) [0x00007FF67AFF7153]
	(No symbol) [0x00007FF67AFC0421]
	(No symbol) [0x00007FF67AFC11B3]
	GetHandleVerifier [0x00007FF67B4AD6FD+3223453]
	GetHandleVerifier [0x00007FF67B4A7CA2+3200322]
	GetHandleVerifier [0x00007FF67B4C5AD3+3322739]
	GetHandleVerifier [0x00007FF67B1C69FA+180890]
	GetHandleVerifier [0x00007FF67B1CE0FF+211359]
	GetHandleVerifier [0x00007FF67B1B5274+109332]
	GetHandleVerifier [0x00007FF67B1B5422+109762]
	GetHandleVerifier [0x00007FF67B19BA39+4825]
	BaseThreadInitThunk [0x00007FFBA3E77374+20]
	RtlUserThreadStart [0x00007FFBA403CC91+33]
</status>
</kw>
<kw name="Aguardar site Carregar">
<status status="NOT RUN" start="2025-05-12T21:04:24.611128" elapsed="0.000090"/>
</kw>
<kw name="Digitar email">
<status status="NOT RUN" start="2025-05-12T21:04:24.611474" elapsed="0.000076"/>
</kw>
<kw name="Digitar senha">
<status status="NOT RUN" start="2025-05-12T21:04:24.611774" elapsed="0.000072"/>
</kw>
<kw name="Botão de Login">
<status status="NOT RUN" start="2025-05-12T21:04:24.612071" elapsed="0.000077"/>
</kw>
<kw name="Mensagem de Validação">
<status status="NOT RUN" start="2025-05-12T21:04:24.612395" elapsed="0.000080"/>
</kw>
<tag>teste</tag>
<status status="FAIL" start="2025-05-12T21:04:17.582676" elapsed="7.030090">InvalidSessionIdException: Message: invalid session id: session deleted as the browser has closed the connection
from disconnected: not connected to DevTools
  (Session info: chrome=136.0.7103.93)
Stacktrace:
	GetHandleVerifier [0x00007FF67B1ACF25+75717]
	GetHandleVerifier [0x00007FF67B1ACF80+75808]
	(No symbol) [0x00007FF67AF78F9A]
	(No symbol) [0x00007FF67AF64E35]
	(No symbol) [0x00007FF67AF89DB4]
	(No symbol) [0x00007FF67AFFEE75]
	(No symbol) [0x00007FF67B01ECC2]
	(No symbol) [0x00007FF67AFF7153]
	(No symbol) [0x00007FF67AFC0421]
	(No symbol) [0x00007FF67AFC11B3]
	GetHandleVerifier [0x00007FF67B4AD6FD+3223453]
	GetHandleVerifier [0x00007FF67B4A7CA2+3200322]
	GetHandleVerifier [0x00007FF67B4C5AD3+3322739]
	GetHandleVerifier [0x00007FF67B1C69FA+180890]
	GetHandleVerifier [0x00007FF67B1CE0FF+211359]
	GetHandleVerifier [0x00007FF67B1B5274+109332]
	GetHandleVerifier [0x00007FF67B1B5422+109762]
	GetHandleVerifier [0x00007FF67B19BA39+4825]
	BaseThreadInitThunk [0x00007FFBA3E77374+20]
	RtlUserThreadStart [0x00007FFBA403CC91+33]
</status>
</test>
<status status="FAIL" start="2025-05-12T21:04:17.421069" elapsed="7.193239"/>
</suite>
<statistics>
<total>
<stat pass="0" fail="1" skip="0">All Tests</stat>
</total>
<tag>
<stat pass="0" fail="1" skip="0">teste</stat>
</tag>
<suite>
<stat name="Site" id="s1" pass="0" fail="1" skip="0">Site</stat>
</suite>
</statistics>
<errors>
<msg time="2025-05-12T21:04:24.573839" level="WARN">Keyword 'Capture Page Screenshot' could not be run on failure: Message: invalid session id
Stacktrace:
	GetHandleVerifier [0x00007FF67B1ACF25+75717]
	GetHandleVerifier [0x00007FF67B1ACF80+75808]
	(No symbol) [0x00007FF67AF78DCC]
	(No symbol) [0x00007FF67AFBF54F]
	(No symbol) [0x00007FF67AFF7242]
	(No symbol) [0x00007FF67AFF1C63]
	(No symbol) [0x00007FF67AFF0D29]
	(No symbol) [0x00007FF67AF45A55]
	GetHandleVerifier [0x00007FF67B4AD6FD+3223453]
	GetHandleVerifier [0x00007FF67B4A7CA2+3200322]
	GetHandleVerifier [0x00007FF67B4C5AD3+3322739]
	GetHandleVerifier [0x00007FF67B1C69FA+180890]
	GetHandleVerifier [0x00007FF67B1CE0FF+211359]
	(No symbol) [0x00007FF67AF44AC8]
	GetHandleVerifier [0x00007FF67B596FA8+4180040]
	BaseThreadInitThunk [0x00007FFBA3E77374+20]
	RtlUserThreadStart [0x00007FFBA403CC91+33]
</msg>
</errors>
</robot>
